<?xml version="1.0" encoding="UTF-8"?>
<testsuite name="DAT250.ApplicationTests" tests="1" skipped="0" failures="0" errors="0" timestamp="2025-09-07T16:47:18" hostname="Annas-Air-2.lan" time="0.393">
  <properties/>
  <testcase name="contextLoads()" classname="DAT250.ApplicationTests" time="0.393"/>
  <system-out><![CDATA[18:47:17.692 [Test worker] INFO org.springframework.test.context.support.AnnotationConfigContextLoaderUtils -- Could not detect default configuration classes for test class [DAT250.ApplicationTests]: ApplicationTests does not declare any static, non-private, non-final, nested classes annotated with @Configuration.
18:47:17.740 [Test worker] INFO org.springframework.boot.test.context.SpringBootTestContextBootstrapper -- Found @SpringBootConfiguration DAT250.Application for test class DAT250.ApplicationTests

  .   ____          _            __ _ _
 /\\ / ___'_ __ _ _(_)_ __  __ _ \ \ \ \
( ( )\___ | '_ | '_| | '_ \/ _` | \ \ \ \
 \\/  ___)| |_)| | | | | || (_| |  ) ) ) )
  '  |____| .__|_| |_|_| |_\__, | / / / /
 =========|_|==============|___/=/_/_/_/

 :: Spring Boot ::                (v3.5.5)

2025-09-07T18:47:17.907+02:00  INFO 17603 --- [SpringApplication] [    Test worker] DAT250.ApplicationTests                  : Starting ApplicationTests using Java 21.0.8 with PID 17603 (started by annafolmann in /Users/annafolmann/Documents/Master/DAT250/Assignment/SpringApplication)
2025-09-07T18:47:17.908+02:00  INFO 17603 --- [SpringApplication] [    Test worker] DAT250.ApplicationTests                  : No active profile set, falling back to 1 default profile: "default"
2025-09-07T18:47:18.320+02:00  INFO 17603 --- [SpringApplication] [    Test worker] DAT250.ApplicationTests                  : Started ApplicationTests in 0.522 seconds (process running for 0.974)
]]></system-out>
  <system-err><![CDATA[Mockito is currently self-attaching to enable the inline-mock-maker. This will no longer work in future releases of the JDK. Please add Mockito as an agent to your build as described in Mockito's documentation: https://javadoc.io/doc/org.mockito/mockito-core/latest/org.mockito/org/mockito/Mockito.html#0.3
WARNING: A Java agent has been loaded dynamically (/Users/annafolmann/.gradle-local/caches/modules-2/files-2.1/net.bytebuddy/byte-buddy-agent/1.17.7/fbf3d6d649ed37fc9e9c59480a05be0a26e3c2da/byte-buddy-agent-1.17.7.jar)
WARNING: If a serviceability tool is in use, please run with -XX:+EnableDynamicAgentLoading to hide this warning
WARNING: If a serviceability tool is not in use, please run with -Djdk.instrument.traceUsage for more information
WARNING: Dynamic loading of agents will be disallowed by default in a future release
]]></system-err>
</testsuite>
